{
  "RSpec": {
    "coverage": {
      "/Users/Andromeda/Google-Drive/Kamilleski/launch-academy-challenges/test-all-the-methods/code.rb": [
        1,
        2,
        1,
        null,
        1,
        null,
        null,
        null,
        1,
        1,
        1,
        5,
        null,
        null,
        1,
        null,
        null,
        1,
        1,
        1,
        3,
        null,
        1,
        null,
        null,
        1,
        5,
        1,
        4,
        1,
        3,
        1,
        2,
        1,
        null,
        1,
        null,
        null,
        null,
        1,
        1,
        9,
        5,
        null,
        4,
        null,
        null,
        null,
        null,
        1,
        2,
        null,
        null,
        1,
        3,
        1,
        null,
        null,
        2,
        2,
        4,
        3,
        null,
        1,
        null
      ]
    },
    "timestamp": 1455145937
  }
}
